#
# A fatal error has been detected by the Java Runtime Environment:
#
#  EXCEPTION_ACCESS_VIOLATION (0xc0000005) at pc=0x00007ff988e5cb66, pid=17416, tid=19936
#
# JRE version: OpenJDK Runtime Environment Temurin-17.0.10+7 (17.0.10+7) (build 17.0.10+7)
# Java VM: OpenJDK 64-Bit Server VM Temurin-17.0.10+7 (17.0.10+7, mixed mode, emulated-client, tiered, compressed oops, compressed class ptrs, g1 gc, windows-amd64)
# Problematic frame:
# V  [jvm.dll+0xcb66]
#
# No core dump will be written. Minidumps are not enabled by default on client versions of Windows
#
# If you would like to submit a bug report, please visit:
#   https://github.com/adoptium/adoptium-support/issues
#

---------------  S U M M A R Y ------------

Command Line: -XX:+HeapDumpOnOutOfMemoryError -Xmx1024m -Dsts.lsp.client=vscode -Dsts.log.file=/dev/null -XX:TieredStopAtLevel=1 -Xlog:jni+resolve=off -Dspring.config.location=file:c:\Users\97154\.vscode\extensions\vmware.vscode-spring-boot-1.52.0\language-server\BOOT-INF\classes\application.properties org.springframework.ide.vscode.boot.app.BootLanguageServerBootApp

Host: 11th Gen Intel(R) Core(TM) i5-1135G7 @ 2.40GHz, 8 cores, 15G,  Windows 11 , 64 bit Build 22621 (10.0.22621.3085)
Time: Thu Feb 29 00:57:14 2024 Egypt Standard Time elapsed time: 10.469044 seconds (0d 0h 0m 10s)

---------------  T H R E A D  ---------------

Current thread (0x000001d8c9dbf0c0):  ConcurrentGCThread "G1 Conc#1" [stack: 0x00000078d2100000,0x00000078d2200000] [id=19936]

Stack: [0x00000078d2100000,0x00000078d2200000],  sp=0x00000078d21ff738,  free space=1021k
Native frames: (J=compiled Java code, j=interpreted, Vv=VM code, C=native code)
V  [jvm.dll+0xcb66]


siginfo: EXCEPTION_ACCESS_VIOLATION (0xc0000005), reading address 0x00000006062c4408


Registers:
RAX=0x0000001094a8002a, RBX=0x000001d8b960f301, RCX=0x00000000c0c58388, RDX=0x00000000c0c58388
RSP=0x00000078d21ff738, RBP=0x0000000000000000, RSI=0x000001d8b960f2c0, RDI=0x00000000c0c58388
R8 =0x000001d8c0981608, R9 =0x00000006062c4400, R10=0x000000000000000c, R11=0x0000000000000004
R12=0x0000000000000000, R13=0xaaaaaaaaaaaaaaab, R14=0x0000000000000001, R15=0x00000078d21ff8c0
RIP=0x00007ff988e5cb66, EFLAGS=0x0000000000010206


Register to memory mapping:

RIP=0x00007ff988e5cb66 jvm.dll
RAX=0x0000001094a8002a is an unknown value
RBX=0x000001d8b960f301 points into unknown readable memory: 4b 7a 89 f9 7f 00 00
RCX=0x00000000c0c58388 is pointing into object: [Ljava.lang.Object; 
{0x00000000c0c58320} - klass: 'java/lang/Object'[]
 - length: 64
RDX=0x00000000c0c58388 is pointing into object: [Ljava.lang.Object; 
{0x00000000c0c58320} - klass: 'java/lang/Object'[]
 - length: 64
RSP=0x00000078d21ff738 points into unknown readable memory: 0x00007ff989128858 | 58 88 12 89 f9 7f 00 00
RBP=0x0 is NULL
RSI=0x000001d8b960f2c0 points into unknown readable memory: 0x000001d8b9617c00 | 00 7c 61 b9 d8 01 00 00
RDI=0x00000000c0c58388 is pointing into object: [Ljava.lang.Object; 
{0x00000000c0c58320} - klass: 'java/lang/Object'[]
 - length: 64
R8 =0x000001d8c0981608 points into unknown readable memory: 0x0002001094a8002a | 2a 00 a8 94 10 00 02 00
R9 =0x00000006062c4400 is an unknown value
R10=0x000000000000000c is an unknown value
R11=0x0000000000000004 is an unknown value
R12=0x0 is NULL
R13=0xaaaaaaaaaaaaaaab is an unknown value
R14=0x0000000000000001 is an unknown value
R15=0x00000078d21ff8c0 points into unknown readable memory: 0x000001d8b960f2c0 | c0 f2 60 b9 d8 01 00 00


Top of Stack: (sp=0x00000078d21ff738)
0x00000078d21ff738:   00007ff989128858 0000dfa9143c265f
0x00000078d21ff748:   00000078d21ff900 00000000c0c589f8
0x00000078d21ff758:   00007ff9891284df 00000000c0c58388
0x00000078d21ff768:   00007ff9891284df 000001d8b9619380
0x00000078d21ff778:   00000078d21ff900 00000000c0c59a08
0x00000078d21ff788:   00007ff98912670d 00000078d21ff900
0x00000078d21ff798:   00007ff989126d2d 00000000c0c58d5c
0x00000078d21ff7a8:   00007ff989126351 00000078d21ff8c0
0x00000078d21ff7b8:   0000000000000001 0000000100057650
0x00000078d21ff7c8:   00007ff989126351 0000000000000202
0x00000078d21ff7d8:   00000000c0c589f8 00000078d21ff900
0x00000078d21ff7e8:   0000000000000000 000001d8b9619380
0x00000078d21ff7f8:   00007ff98913befe 00000000c0c589f8
0x00000078d21ff808:   000001d8b960f310 00000078d21ff8c0
0x00000078d21ff818:   000001d8b960f310 00000000c0c589f8
0x00000078d21ff828:   00007ff989138671 000000000018b13f
0x00000078d21ff838:   0000000000000000 00000000c0704a68
0x00000078d21ff848:   00007ff989139bd4 00000000001a0000
0x00000078d21ff858:   00007ff989139fcc 00000000c0c589d0
0x00000078d21ff868:   000000000018b13f 000000000002625a
0x00000078d21ff878:   0000000000000000 0000000000000000
0x00000078d21ff888:   0000000000000001 000001d8b9619380
0x00000078d21ff898:   00007ff989138fa4 0000000000000555
0x00000078d21ff8a8:   0000000000000000 00000078d06ff601
0x00000078d21ff8b8:   0000000000000000 000001d8b960f2c0
0x00000078d21ff8c8:   000001d8b9619380 00000000c0c00000
0x00000078d21ff8d8:   0000000000020000 00000000c0c00000
0x00000078d21ff8e8:   0000000000020000 0000000000000000
0x00000078d21ff8f8:   000000000002625a 00007ff9897a4b68
0x00000078d21ff908:   000001d8b962ec90 0000000000000003
0x00000078d21ff918:   000001d8b95e3950 000001d8b9619380
0x00000078d21ff928:   00007ff98949da03 c215b08487ffef9e 

Instructions: (pc=0x00007ff988e5cb66)
0x00007ff988e5ca66:   cc cc cc cc cc cc cc cc cc cc 4c 8b 01 4c 8b c9
0x00007ff988e5ca76:   48 8b 0d 53 60 b6 00 ba 64 60 08 00 e9 49 f1 ff
0x00007ff988e5ca86:   ff cc cc cc cc cc cc cc cc cc 8b 05 62 a8 b0 00
0x00007ff988e5ca96:   c3 cc cc cc cc cc cc cc cc cc 0f b6 05 db 68 b7
0x00007ff988e5caa6:   00 48 8b d1 84 c0 74 16 44 8b 41 08 8b 0d 40 a8
0x00007ff988e5cab6:   b0 00 49 d3 e0 4c 03 05 2e a8 b0 00 eb 04 4c 8b
0x00007ff988e5cac6:   41 08 45 8b 50 08 45 85 d2 7e 0e 41 f6 c2 01 75
0x00007ff988e5cad6:   53 41 c1 fa 03 41 8b c2 c3 79 49 84 c0 b9 10 00
0x00007ff988e5cae6:   00 00 8b 05 46 b7 b0 00 41 b8 0c 00 00 00 41 0f
0x00007ff988e5caf6:   45 c8 ff c8 4c 63 c8 48 63 14 11 41 8b ca 83 e1
0x00007ff988e5cb06:   3f 48 d3 e2 41 8b ca 48 c1 f9 10 0f b6 c1 49 8d
0x00007ff988e5cb16:   0c 11 49 f7 d1 48 03 c1 49 c1 e9 03 48 c1 e8 03
0x00007ff988e5cb26:   41 23 c1 c3 49 8b 00 49 8b c8 48 ff a0 00 01 00
0x00007ff988e5cb36:   00 cc cc cc cc cc cc cc cc cc 8b 44 24 30 45 03
0x00007ff988e5cb46:   c9 44 2b 4c 24 28 83 c0 0b 44 03 ca 45 03 c8 41
0x00007ff988e5cb56:   03 c1 c3 cc cc cc cc cc cc cc 4c 8b ca 48 8b d1
0x00007ff988e5cb66:   45 8b 41 08 45 85 c0 7e 0e 41 f6 c0 01 75 56 41
0x00007ff988e5cb76:   c1 f8 03 41 8b c0 c3 79 4c 80 3d fc 67 b7 00 00
0x00007ff988e5cb86:   b8 0c 00 00 00 b9 10 00 00 00 0f 45 c8 8b 05 9b
0x00007ff988e5cb96:   b6 b0 00 ff c8 4c 63 c8 48 63 14 11 41 8b c8 83
0x00007ff988e5cba6:   e1 3f 48 d3 e2 41 8b c8 48 c1 f9 10 0f b6 c1 49
0x00007ff988e5cbb6:   8d 0c 11 49 f7 d1 48 03 c1 49 c1 e9 03 48 c1 e8
0x00007ff988e5cbc6:   03 41 23 c1 c3 49 8b 01 49 8b c9 48 ff a0 00 01
0x00007ff988e5cbd6:   00 00 cc cc cc cc cc cc cc cc 48 8b 41 08 0f b7
0x00007ff988e5cbe6:   48 2a 0f b7 40 28 83 c0 48 03 c1 c3 cc cc cc cc
0x00007ff988e5cbf6:   cc cc cc cc cc cc cc cc cc cc 48 89 5c 24 08 57
0x00007ff988e5cc06:   48 83 ec 20 0f b6 05 df 4f bb 00 48 8b fa 48 8b
0x00007ff988e5cc16:   d9 84 c0 74 4f 48 85 15 f6 47 bb 00 74 38 48 8b
0x00007ff988e5cc26:   ca e8 54 99 85 00 48 8b d0 48 85 db 74 25 48 85
0x00007ff988e5cc36:   c0 74 20 48 8b c7 f0 48 0f b1 13 74 16 48 85 05
0x00007ff988e5cc46:   ce 47 bb 00 74 0d 48 8b c8 f0 48 0f b1 13 48 3b
0x00007ff988e5cc56:   c1 75 ea 48 8b fa 48 8b c7 48 8b 5c 24 30 48 83 


Stack slot to memory mapping:
stack at sp + 0 slots: 0x00007ff989128858 jvm.dll
stack at sp + 1 slots: 0x0000dfa9143c265f is an unknown value
stack at sp + 2 slots: 0x00000078d21ff900 points into unknown readable memory: 0x00007ff9897a4b68 | 68 4b 7a 89 f9 7f 00 00
stack at sp + 3 slots: 0x00000000c0c589f8 is an oop: [Ljava.lang.Object; 
{0x00000000c0c589f8} - klass: 'java/lang/Object'[]
 - length: 1024
stack at sp + 4 slots: 0x00007ff9891284df jvm.dll
stack at sp + 5 slots: 0x00000000c0c58388 is pointing into object: [Ljava.lang.Object; 
{0x00000000c0c58320} - klass: 'java/lang/Object'[]
 - length: 64
stack at sp + 6 slots: 0x00007ff9891284df jvm.dll
stack at sp + 7 slots: 0x000001d8b9619380 points into unknown readable memory: 0x00007ff9897a4b48 | 48 4b 7a 89 f9 7f 00 00


---------------  P R O C E S S  ---------------

Threads class SMR info:
_java_thread_list=0x000001d8ca8a6c30, length=40, elements={
0x000001d8c445e380, 0x000001d8c445ee50, 0x000001d8c449e130, 0x000001d8c449ec00,
0x000001d8c449f6d0, 0x000001d8c44a43c0, 0x000001d8c44a4d40, 0x000001d8c44cb8e0,
0x000001d8c4699710, 0x000001d8c46a5c80, 0x000001d8c46b6660, 0x000001d8c46af440,
0x000001d8c9dea880, 0x000001d8c9847860, 0x000001d8ca205c30, 0x000001d8c90fda40,
0x000001d8b95cf510, 0x000001d8c97ae950, 0x000001d8ca490ed0, 0x000001d8ca49f2d0,
0x000001d8ca4aa930, 0x000001d8ca4acab0, 0x000001d8ca4abb80, 0x000001d8ca4acfc0,
0x000001d8ca4ae910, 0x000001d8ca4ad4d0, 0x000001d8ca4aee20, 0x000001d8ca4ad9e0,
0x000001d8ca4ab670, 0x000001d8ca4adef0, 0x000001d8ca4ae400, 0x000001d8ca4ac090,
0x000001d8ca4ac5a0, 0x000001d8ca5749e0, 0x000001d8ca573ab0, 0x000001d8ca572b80,
0x000001d8ca575910, 0x000001d8ca573fc0, 0x000001d8ca573090, 0x000001d8ca575e20
}

Java Threads: ( => current thread )
  0x000001d8c445e380 JavaThread "Reference Handler" daemon [_thread_blocked, id=7896, stack(0x00000078d0b00000,0x00000078d0c00000)]
  0x000001d8c445ee50 JavaThread "Finalizer" daemon [_thread_blocked, id=18556, stack(0x00000078d0c00000,0x00000078d0d00000)]
  0x000001d8c449e130 JavaThread "Signal Dispatcher" daemon [_thread_blocked, id=3148, stack(0x00000078d0d00000,0x00000078d0e00000)]
  0x000001d8c449ec00 JavaThread "Attach Listener" daemon [_thread_blocked, id=17856, stack(0x00000078d0e00000,0x00000078d0f00000)]
  0x000001d8c449f6d0 JavaThread "Service Thread" daemon [_thread_blocked, id=6008, stack(0x00000078d0f00000,0x00000078d1000000)]
  0x000001d8c44a43c0 JavaThread "Monitor Deflation Thread" daemon [_thread_blocked, id=7812, stack(0x00000078d1000000,0x00000078d1100000)]
  0x000001d8c44a4d40 JavaThread "C1 CompilerThread0" daemon [_thread_blocked, id=23440, stack(0x00000078d1100000,0x00000078d1200000)]
  0x000001d8c44cb8e0 JavaThread "Sweeper thread" daemon [_thread_blocked, id=18700, stack(0x00000078d1200000,0x00000078d1300000)]
  0x000001d8c4699710 JavaThread "C1 CompilerThread1" daemon [_thread_blocked, id=16580, stack(0x00000078d1300000,0x00000078d1400000)]
  0x000001d8c46a5c80 JavaThread "Notification Thread" daemon [_thread_blocked, id=20116, stack(0x00000078d1400000,0x00000078d1500000)]
  0x000001d8c46b6660 JavaThread "C1 CompilerThread2" daemon [_thread_blocked, id=23420, stack(0x00000078d1600000,0x00000078d1700000)]
  0x000001d8c46af440 JavaThread "Common-Cleaner" daemon [_thread_blocked, id=18464, stack(0x00000078d1700000,0x00000078d1800000)]
  0x000001d8c9dea880 JavaThread "C1 CompilerThread3" daemon [_thread_blocked, id=17788, stack(0x00000078d1f00000,0x00000078d2000000)]
  0x000001d8c9847860 JavaThread "boundedElastic-evictor-1" daemon [_thread_blocked, id=21356, stack(0x00000078d1e00000,0x00000078d1f00000)]
  0x000001d8ca205c30 JavaThread "pool-12-thread-1" [_thread_blocked, id=20052, stack(0x00000078d2200000,0x00000078d2300000)]
  0x000001d8c90fda40 JavaThread "LanguageServerApp-lifecycle" [_thread_blocked, id=19392, stack(0x00000078d2300000,0x00000078d2400000)]
  0x000001d8b95cf510 JavaThread "DestroyJavaVM" [_thread_blocked, id=17052, stack(0x00000078d0400000,0x00000078d0500000)]
  0x000001d8c97ae950 JavaThread "pool-13-thread-1" [_thread_in_native, id=19960, stack(0x00000078d2400000,0x00000078d2500000)]
  0x000001d8ca490ed0 JavaThread "Simple-Language-Server main thread" daemon [_thread_blocked, id=22024, stack(0x00000078d2500000,0x00000078d2600000)]
  0x000001d8ca49f2d0 JavaThread "pool-3-thread-1" [_thread_blocked, id=21248, stack(0x00000078d2600000,0x00000078d2700000)]
  0x000001d8ca4aa930 JavaThread "pool-3-thread-2" [_thread_blocked, id=15576, stack(0x00000078d2700000,0x00000078d2800000)]
  0x000001d8ca4acab0 JavaThread "pool-3-thread-3" [_thread_blocked, id=20260, stack(0x00000078d2800000,0x00000078d2900000)]
  0x000001d8ca4abb80 JavaThread "pool-3-thread-4" [_thread_blocked, id=3900, stack(0x00000078d2900000,0x00000078d2a00000)]
  0x000001d8ca4acfc0 JavaThread "pool-3-thread-5" [_thread_blocked, id=19744, stack(0x00000078d2a00000,0x00000078d2b00000)]
  0x000001d8ca4ae910 JavaThread "parallel-1" daemon [_thread_blocked, id=6912, stack(0x00000078d2b00000,0x00000078d2c00000)]
  0x000001d8ca4ad4d0 JavaThread "pool-6-thread-1" [_thread_blocked, id=420, stack(0x00000078d2c00000,0x00000078d2d00000)]
  0x000001d8ca4aee20 JavaThread "parallel-2" daemon [_thread_blocked, id=3176, stack(0x00000078d2d00000,0x00000078d2e00000)]
  0x000001d8ca4ad9e0 JavaThread "parallel-3" daemon [_thread_blocked, id=13932, stack(0x00000078d2e00000,0x00000078d2f00000)]
  0x000001d8ca4ab670 JavaThread "pool-5-thread-1" [_thread_blocked, id=22108, stack(0x00000078d2f00000,0x00000078d3000000)]
  0x000001d8ca4adef0 JavaThread "ForkJoinPool.commonPool-worker-1" daemon [_thread_blocked, id=22196, stack(0x00000078d3000000,0x00000078d3100000)]
  0x000001d8ca4ae400 JavaThread "pool-5-thread-2" [_thread_blocked, id=20592, stack(0x00000078d3100000,0x00000078d3200000)]
  0x000001d8ca4ac090 JavaThread "pool-5-thread-3" [_thread_blocked, id=24232, stack(0x00000078d3200000,0x00000078d3300000)]
  0x000001d8ca4ac5a0 JavaThread "parallel-4" daemon [_thread_blocked, id=1272, stack(0x00000078d3300000,0x00000078d3400000)]
  0x000001d8ca5749e0 JavaThread "parallel-5" daemon [_thread_blocked, id=17140, stack(0x00000078d3400000,0x00000078d3500000)]
  0x000001d8ca573ab0 JavaThread "parallel-6" daemon [_thread_blocked, id=9388, stack(0x00000078d3500000,0x00000078d3600000)]
  0x000001d8ca572b80 JavaThread "Project-Reconciler-1" daemon [_thread_blocked, id=10564, stack(0x00000078d3600000,0x00000078d3700000)]
  0x000001d8ca575910 JavaThread "pool-5-thread-4" [_thread_blocked, id=12424, stack(0x00000078d3700000,0x00000078d3800000)]
  0x000001d8ca573fc0 JavaThread "Reconciler-1" daemon [_thread_blocked, id=13864, stack(0x00000078d3800000,0x00000078d3900000)]
  0x000001d8ca573090 JavaThread "parallel-7" daemon [_thread_blocked, id=6880, stack(0x00000078d3900000,0x00000078d3a00000)]
  0x000001d8ca575e20 JavaThread "parallel-8" daemon [_thread_blocked, id=4484, stack(0x00000078d3a00000,0x00000078d3b00000)]

Other Threads:
  0x000001d8c44490e0 VMThread "VM Thread" [stack: 0x00000078d0a00000,0x00000078d0b00000] [id=492]
  0x000001d8c46ac180 WatcherThread [stack: 0x00000078d1500000,0x00000078d1600000] [id=18068]
  0x000001d8b960ecb0 GCTaskThread "GC Thread#0" [stack: 0x00000078d0500000,0x00000078d0600000] [id=19132]
  0x000001d8c992afd0 GCTaskThread "GC Thread#1" [stack: 0x00000078d1800000,0x00000078d1900000] [id=7196]
  0x000001d8c9919710 GCTaskThread "GC Thread#2" [stack: 0x00000078d1900000,0x00000078d1a00000] [id=4352]
  0x000001d8c99199d0 GCTaskThread "GC Thread#3" [stack: 0x00000078d1a00000,0x00000078d1b00000] [id=23992]
  0x000001d8c9919c90 GCTaskThread "GC Thread#4" [stack: 0x00000078d1b00000,0x00000078d1c00000] [id=7396]
  0x000001d8c9919f50 GCTaskThread "GC Thread#5" [stack: 0x00000078d1c00000,0x00000078d1d00000] [id=7708]
  0x000001d8c9b20f40 GCTaskThread "GC Thread#6" [stack: 0x00000078d1d00000,0x00000078d1e00000] [id=19628]
  0x000001d8c9da4a00 GCTaskThread "GC Thread#7" [stack: 0x00000078d2000000,0x00000078d2100000] [id=22340]
  0x000001d8b9617c00 ConcurrentGCThread "G1 Main Marker" [stack: 0x00000078d0600000,0x00000078d0700000] [id=23320]
  0x000001d8b9618620 ConcurrentGCThread "G1 Conc#0" [stack: 0x00000078d0700000,0x00000078d0800000] [id=15004]
=>0x000001d8c9dbf0c0 ConcurrentGCThread "G1 Conc#1" [stack: 0x00000078d2100000,0x00000078d2200000] [id=19936]
  0x000001d8b965e820 ConcurrentGCThread "G1 Refine#0" [stack: 0x00000078d0800000,0x00000078d0900000] [id=16188]
  0x000001d8c42b48e0 ConcurrentGCThread "G1 Service" [stack: 0x00000078d0900000,0x00000078d0a00000] [id=14524]

Threads with active compile tasks:

VM state: not at safepoint (normal execution)

VM Mutex/Monitor currently owned by a thread:  ([mutex/lock_event])
[0x000001d8b73c9b10] Heap_lock - owner thread: 0x000001d8ca4ad4d0

Heap address: 0x00000000c0000000, size: 1024 MB, Compressed Oops mode: 32-bit

CDS archive(s) not mapped
Compressed class space mapped at: 0x0000000100000000-0x0000000140000000, reserved size: 1073741824
Narrow klass base: 0x0000000000000000, Narrow klass shift: 3, Narrow klass range: 0x140000000

GC Precious Log:
 CPUs: 8 total, 8 available
 Memory: 16118M
 Large Page Support: Disabled
 NUMA Support: Disabled
 Compressed Oops: Enabled (32-bit)
 Heap Region Size: 1M
 Heap Min Capacity: 8M
 Heap Initial Capacity: 252M
 Heap Max Capacity: 1G
 Pre-touch: Disabled
 Parallel Workers: 8
 Concurrent Workers: 2
 Concurrent Refinement Workers: 8
 Periodic GC: Disabled

Heap:
 garbage-first heap   total 98304K, used 42477K [0x00000000c0000000, 0x0000000100000000)
  region size 1024K, 5 young (5120K), 4 survivors (4096K)
 Metaspace       used 47838K, committed 48320K, reserved 1114112K
  class space    used 5995K, committed 6208K, reserved 1048576K

Heap Regions: E=young(eden), S=young(survivor), O=old, HS=humongous(starts), HC=humongous(continues), CS=collection set, F=free, OA=open archive, CA=closed archive, TAMS=top-at-mark-start (previous, next)
|   0|0x00000000c0000000, 0x00000000c0100000, 0x00000000c0100000|100%|HS|  |TAMS 0x00000000c0100000, 0x00000000c0100000| Complete 
|   1|0x00000000c0100000, 0x00000000c0200000, 0x00000000c0200000|100%|HC|  |TAMS 0x00000000c0200000, 0x00000000c0200000| Complete 
|   2|0x00000000c0200000, 0x00000000c0300000, 0x00000000c0300000|100%|HC|  |TAMS 0x00000000c0300000, 0x00000000c0300000| Complete 
|   3|0x00000000c0300000, 0x00000000c0400000, 0x00000000c0400000|100%|HC|  |TAMS 0x00000000c0400000, 0x00000000c0400000| Complete 
|   4|0x00000000c0400000, 0x00000000c0500000, 0x00000000c0500000|100%|HS|  |TAMS 0x00000000c0500000, 0x00000000c0500000| Complete 
|   5|0x00000000c0500000, 0x00000000c0600000, 0x00000000c0600000|100%|HC|  |TAMS 0x00000000c0600000, 0x00000000c0600000| Complete 
|   6|0x00000000c0600000, 0x00000000c0700000, 0x00000000c0700000|100%| O|  |TAMS 0x00000000c0700000, 0x00000000c0700000| Untracked 
|   7|0x00000000c0700000, 0x00000000c0800000, 0x00000000c0800000|100%| O|  |TAMS 0x00000000c0800000, 0x00000000c0800000| Untracked 
|   8|0x00000000c0800000, 0x00000000c0900000, 0x00000000c0900000|100%| O|  |TAMS 0x00000000c0900000, 0x00000000c0900000| Untracked 
|   9|0x00000000c0900000, 0x00000000c0a00000, 0x00000000c0a00000|100%| O|  |TAMS 0x00000000c0a00000, 0x00000000c0a00000| Untracked 
|  10|0x00000000c0a00000, 0x00000000c0b00000, 0x00000000c0b00000|100%| O|  |TAMS 0x00000000c0b00000, 0x00000000c0b00000| Untracked 
|  11|0x00000000c0b00000, 0x00000000c0c00000, 0x00000000c0c00000|100%| O|  |TAMS 0x00000000c0c00000, 0x00000000c0c00000| Untracked 
|  12|0x00000000c0c00000, 0x00000000c0d00000, 0x00000000c0d00000|100%| O|  |TAMS 0x00000000c0d00000, 0x00000000c0d00000| Untracked 
|  13|0x00000000c0d00000, 0x00000000c0e00000, 0x00000000c0e00000|100%| O|  |TAMS 0x00000000c0e00000, 0x00000000c0e00000| Untracked 
|  14|0x00000000c0e00000, 0x00000000c0f00000, 0x00000000c0f00000|100%| O|  |TAMS 0x00000000c0f00000, 0x00000000c0f00000| Untracked 
|  15|0x00000000c0f00000, 0x00000000c0f7b600, 0x00000000c1000000| 48%| O|  |TAMS 0x00000000c0f7b600, 0x00000000c0f7b600| Untracked 
|  16|0x00000000c1000000, 0x00000000c1100000, 0x00000000c1100000|100%| O|  |TAMS 0x00000000c1000000, 0x00000000c1100000| Untracked 
|  17|0x00000000c1100000, 0x00000000c1200000, 0x00000000c1200000|100%| O|  |TAMS 0x00000000c1100000, 0x00000000c1200000| Untracked 
|  18|0x00000000c1200000, 0x00000000c1300000, 0x00000000c1300000|100%| O|  |TAMS 0x00000000c1200000, 0x00000000c1300000| Untracked 
|  19|0x00000000c1300000, 0x00000000c1400000, 0x00000000c1400000|100%| O|  |TAMS 0x00000000c1300000, 0x00000000c1400000| Untracked 
|  20|0x00000000c1400000, 0x00000000c1500000, 0x00000000c1500000|100%| O|  |TAMS 0x00000000c1400000, 0x00000000c1500000| Untracked 
|  21|0x00000000c1500000, 0x00000000c1600000, 0x00000000c1600000|100%| O|  |TAMS 0x00000000c1500000, 0x00000000c1600000| Untracked 
|  22|0x00000000c1600000, 0x00000000c1700000, 0x00000000c1700000|100%| O|  |TAMS 0x00000000c1600000, 0x00000000c1700000| Untracked 
|  23|0x00000000c1700000, 0x00000000c1800000, 0x00000000c1800000|100%| O|  |TAMS 0x00000000c1700000, 0x00000000c1800000| Untracked 
|  24|0x00000000c1800000, 0x00000000c1900000, 0x00000000c1900000|100%| O|  |TAMS 0x00000000c1800000, 0x00000000c1900000| Untracked 
|  25|0x00000000c1900000, 0x00000000c1a00000, 0x00000000c1a00000|100%| O|  |TAMS 0x00000000c1900000, 0x00000000c1a00000| Untracked 
|  26|0x00000000c1a00000, 0x00000000c1b00000, 0x00000000c1b00000|100%| O|  |TAMS 0x00000000c1a00000, 0x00000000c1b00000| Untracked 
|  27|0x00000000c1b00000, 0x00000000c1c00000, 0x00000000c1c00000|100%| O|  |TAMS 0x00000000c1b00000, 0x00000000c1c00000| Untracked 
|  28|0x00000000c1c00000, 0x00000000c1d00000, 0x00000000c1d00000|100%|HS|  |TAMS 0x00000000c1c00000, 0x00000000c1d00000| Complete 
|  29|0x00000000c1d00000, 0x00000000c1e00000, 0x00000000c1e00000|100%| O|  |TAMS 0x00000000c1d00000, 0x00000000c1e00000| Untracked 
|  30|0x00000000c1e00000, 0x00000000c1f00000, 0x00000000c1f00000|100%| O|  |TAMS 0x00000000c1e00000, 0x00000000c1f00000| Untracked 
|  31|0x00000000c1f00000, 0x00000000c2000000, 0x00000000c2000000|100%| O|  |TAMS 0x00000000c1f00000, 0x00000000c2000000| Untracked 
|  32|0x00000000c2000000, 0x00000000c2100000, 0x00000000c2100000|100%| O|  |TAMS 0x00000000c2000000, 0x00000000c2000000| Untracked 
|  33|0x00000000c2100000, 0x00000000c2200000, 0x00000000c2200000|100%| O|  |TAMS 0x00000000c2100000, 0x00000000c2100000| Untracked 
|  34|0x00000000c2200000, 0x00000000c2300000, 0x00000000c2300000|100%| O|  |TAMS 0x00000000c2200000, 0x00000000c2200000| Untracked 
|  35|0x00000000c2300000, 0x00000000c2400000, 0x00000000c2400000|100%| O|  |TAMS 0x00000000c2300000, 0x00000000c2300000| Untracked 
|  36|0x00000000c2400000, 0x00000000c2400000, 0x00000000c2500000|  0%| F|  |TAMS 0x00000000c2400000, 0x00000000c2400000| Untracked 
|  37|0x00000000c2500000, 0x00000000c2600000, 0x00000000c2600000|100%| O|  |TAMS 0x00000000c2500000, 0x00000000c2600000| Untracked 
|  38|0x00000000c2600000, 0x00000000c2700000, 0x00000000c2700000|100%| O|  |TAMS 0x00000000c2600000, 0x00000000c263b400| Untracked 
|  39|0x00000000c2700000, 0x00000000c2700000, 0x00000000c2800000|  0%| F|  |TAMS 0x00000000c2700000, 0x00000000c2700000| Untracked 
|  40|0x00000000c2800000, 0x00000000c2800000, 0x00000000c2900000|  0%| F|  |TAMS 0x00000000c2800000, 0x00000000c2800000| Untracked 
|  41|0x00000000c2900000, 0x00000000c2900000, 0x00000000c2a00000|  0%| F|  |TAMS 0x00000000c2900000, 0x00000000c2900000| Untracked 
|  42|0x00000000c2a00000, 0x00000000c2a00000, 0x00000000c2b00000|  0%| F|  |TAMS 0x00000000c2a00000, 0x00000000c2a00000| Untracked 
|  43|0x00000000c2b00000, 0x00000000c2b00000, 0x00000000c2c00000|  0%| F|  |TAMS 0x00000000c2b00000, 0x00000000c2b00000| Untracked 
|  44|0x00000000c2c00000, 0x00000000c2c00000, 0x00000000c2d00000|  0%| F|  |TAMS 0x00000000c2c00000, 0x00000000c2c00000| Untracked 
|  45|0x00000000c2d00000, 0x00000000c2d00000, 0x00000000c2e00000|  0%| F|  |TAMS 0x00000000c2d00000, 0x00000000c2d00000| Untracked 
|  46|0x00000000c2e00000, 0x00000000c2e00000, 0x00000000c2f00000|  0%| F|  |TAMS 0x00000000c2e00000, 0x00000000c2e00000| Untracked 
|  47|0x00000000c2f00000, 0x00000000c2f00000, 0x00000000c3000000|  0%| F|  |TAMS 0x00000000c2f00000, 0x00000000c2f00000| Untracked 
|  48|0x00000000c3000000, 0x00000000c3000000, 0x00000000c3100000|  0%| F|  |TAMS 0x00000000c3000000, 0x00000000c3000000| Untracked 
|  49|0x00000000c3100000, 0x00000000c3100000, 0x00000000c3200000|  0%| F|  |TAMS 0x00000000c3100000, 0x00000000c3100000| Untracked 
|  50|0x00000000c3200000, 0x00000000c3200000, 0x00000000c3300000|  0%| F|  |TAMS 0x00000000c3200000, 0x00000000c3200000| Untracked 
|  51|0x00000000c3300000, 0x00000000c3300000, 0x00000000c3400000|  0%| F|  |TAMS 0x00000000c3300000, 0x00000000c3300000| Untracked 
|  52|0x00000000c3400000, 0x00000000c3400000, 0x00000000c3500000|  0%| F|  |TAMS 0x00000000c3400000, 0x00000000c3400000| Untracked 
|  53|0x00000000c3500000, 0x00000000c3500000, 0x00000000c3600000|  0%| F|  |TAMS 0x00000000c3500000, 0x00000000c3500000| Untracked 
|  54|0x00000000c3600000, 0x00000000c3600000, 0x00000000c3700000|  0%| F|  |TAMS 0x00000000c3600000, 0x00000000c3600000| Untracked 
|  55|0x00000000c3700000, 0x00000000c3700000, 0x00000000c3800000|  0%| F|  |TAMS 0x00000000c3700000, 0x00000000c3700000| Untracked 
|  56|0x00000000c3800000, 0x00000000c3800000, 0x00000000c3900000|  0%| F|  |TAMS 0x00000000c3800000, 0x00000000c3800000| Untracked 
|  57|0x00000000c3900000, 0x00000000c3900000, 0x00000000c3a00000|  0%| F|  |TAMS 0x00000000c3900000, 0x00000000c3900000| Untracked 
|  58|0x00000000c3a00000, 0x00000000c3a00000, 0x00000000c3b00000|  0%| F|  |TAMS 0x00000000c3a00000, 0x00000000c3a00000| Untracked 
|  59|0x00000000c3b00000, 0x00000000c3b00000, 0x00000000c3c00000|  0%| F|  |TAMS 0x00000000c3b00000, 0x00000000c3b00000| Untracked 
|  60|0x00000000c3c00000, 0x00000000c3c00000, 0x00000000c3d00000|  0%| F|  |TAMS 0x00000000c3c00000, 0x00000000c3c00000| Untracked 
|  61|0x00000000c3d00000, 0x00000000c3d00000, 0x00000000c3e00000|  0%| F|  |TAMS 0x00000000c3d00000, 0x00000000c3d00000| Untracked 
|  62|0x00000000c3e00000, 0x00000000c3e00000, 0x00000000c3f00000|  0%| F|  |TAMS 0x00000000c3e00000, 0x00000000c3e00000| Untracked 
|  63|0x00000000c3f00000, 0x00000000c4000000, 0x00000000c4000000|100%| S|CS|TAMS 0x00000000c3f00000, 0x00000000c3f00000| Complete 
|  64|0x00000000c4000000, 0x00000000c4100000, 0x00000000c4100000|100%| S|CS|TAMS 0x00000000c4000000, 0x00000000c4000000| Complete 
|  65|0x00000000c4100000, 0x00000000c4200000, 0x00000000c4200000|100%| S|CS|TAMS 0x00000000c4100000, 0x00000000c4100000| Complete 
|  66|0x00000000c4200000, 0x00000000c4300000, 0x00000000c4300000|100%| S|CS|TAMS 0x00000000c4200000, 0x00000000c4200000| Complete 
|  67|0x00000000c4300000, 0x00000000c4300000, 0x00000000c4400000|  0%| F|  |TAMS 0x00000000c4300000, 0x00000000c4300000| Untracked 
|  68|0x00000000c4400000, 0x00000000c4400000, 0x00000000c4500000|  0%| F|  |TAMS 0x00000000c4400000, 0x00000000c4400000| Untracked 
|  69|0x00000000c4500000, 0x00000000c4500000, 0x00000000c4600000|  0%| F|  |TAMS 0x00000000c4500000, 0x00000000c4500000| Untracked 
|  70|0x00000000c4600000, 0x00000000c4600000, 0x00000000c4700000|  0%| F|  |TAMS 0x00000000c4600000, 0x00000000c4600000| Untracked 
|  71|0x00000000c4700000, 0x00000000c4700000, 0x00000000c4800000|  0%| F|  |TAMS 0x00000000c4700000, 0x00000000c4700000| Untracked 
|  72|0x00000000c4800000, 0x00000000c4800000, 0x00000000c4900000|  0%| F|  |TAMS 0x00000000c4800000, 0x00000000c4800000| Untracked 
|  73|0x00000000c4900000, 0x00000000c4900000, 0x00000000c4a00000|  0%| F|  |TAMS 0x00000000c4900000, 0x00000000c4900000| Untracked 
|  74|0x00000000c4a00000, 0x00000000c4a00000, 0x00000000c4b00000|  0%| F|  |TAMS 0x00000000c4a00000, 0x00000000c4a00000| Untracked 
|  75|0x00000000c4b00000, 0x00000000c4b00000, 0x00000000c4c00000|  0%| F|  |TAMS 0x00000000c4b00000, 0x00000000c4b00000| Untracked 
|  76|0x00000000c4c00000, 0x00000000c4c00000, 0x00000000c4d00000|  0%| F|  |TAMS 0x00000000c4c00000, 0x00000000c4c00000| Untracked 
|  77|0x00000000c4d00000, 0x00000000c4d00000, 0x00000000c4e00000|  0%| F|  |TAMS 0x00000000c4d00000, 0x00000000c4d00000| Untracked 
|  78|0x00000000c4e00000, 0x00000000c4e00000, 0x00000000c4f00000|  0%| F|  |TAMS 0x00000000c4e00000, 0x00000000c4e00000| Untracked 
|  79|0x00000000c4f00000, 0x00000000c4f00000, 0x00000000c5000000|  0%| F|  |TAMS 0x00000000c4f00000, 0x00000000c4f00000| Untracked 
|  80|0x00000000c5000000, 0x00000000c5000000, 0x00000000c5100000|  0%| F|  |TAMS 0x00000000c5000000, 0x00000000c5000000| Untracked 
|  81|0x00000000c5100000, 0x00000000c5100000, 0x00000000c5200000|  0%| F|  |TAMS 0x00000000c5100000, 0x00000000c5100000| Untracked 
|  82|0x00000000c5200000, 0x00000000c5200000, 0x00000000c5300000|  0%| F|  |TAMS 0x00000000c5200000, 0x00000000c5200000| Untracked 
|  83|0x00000000c5300000, 0x00000000c5300000, 0x00000000c5400000|  0%| F|  |TAMS 0x00000000c5300000, 0x00000000c5300000| Untracked 
|  84|0x00000000c5400000, 0x00000000c5400000, 0x00000000c5500000|  0%| F|  |TAMS 0x00000000c5400000, 0x00000000c5400000| Untracked 
|  85|0x00000000c5500000, 0x00000000c5500000, 0x00000000c5600000|  0%| F|  |TAMS 0x00000000c5500000, 0x00000000c5500000| Untracked 
|  86|0x00000000c5600000, 0x00000000c5600000, 0x00000000c5700000|  0%| F|  |TAMS 0x00000000c5600000, 0x00000000c5600000| Untracked 
|  87|0x00000000c5700000, 0x00000000c5700000, 0x00000000c5800000|  0%| F|  |TAMS 0x00000000c5700000, 0x00000000c5700000| Untracked 
| 215|0x00000000cd700000, 0x00000000cd700000, 0x00000000cd800000|  0%| F|  |TAMS 0x00000000cd700000, 0x00000000cd700000| Untracked 
| 216|0x00000000cd800000, 0x00000000cd800000, 0x00000000cd900000|  0%| F|  |TAMS 0x00000000cd800000, 0x00000000cd800000| Untracked 
| 217|0x00000000cd900000, 0x00000000cd900000, 0x00000000cda00000|  0%| F|  |TAMS 0x00000000cd900000, 0x00000000cd900000| Untracked 
| 218|0x00000000cda00000, 0x00000000cda00000, 0x00000000cdb00000|  0%| F|  |TAMS 0x00000000cda00000, 0x00000000cda00000| Untracked 
| 219|0x00000000cdb00000, 0x00000000cdb00000, 0x00000000cdc00000|  0%| F|  |TAMS 0x00000000cdb00000, 0x00000000cdb00000| Untracked 
| 249|0x00000000cf900000, 0x00000000cf900000, 0x00000000cfa00000|  0%| F|  |TAMS 0x00000000cf900000, 0x00000000cf900000| Untracked 
| 250|0x00000000cfa00000, 0x00000000cfa00000, 0x00000000cfb00000|  0%| F|  |TAMS 0x00000000cfa00000, 0x00000000cfa00000| Untracked 
| 251|0x00000000cfb00000, 0x00000000cfc00000, 0x00000000cfc00000|100%| E|  |TAMS 0x00000000cfb00000, 0x00000000cfb00000| Complete 

Card table byte_map: [0x000001d8bf550000,0x000001d8bf750000] _byte_map_base: 0x000001d8bef50000

Marking Bits (Prev, Next): (CMBitMap*) 0x000001d8b960f2d0, (CMBitMap*) 0x000001d8b960f310
 Prev Bits: [0x000001d8bf950000, 0x000001d8c0950000)
 Next Bits: [0x000001d8c0950000, 0x000001d8c1950000)

Polling page: 0x000001d8b7560000

Metaspace:

Usage:
  Non-class:     40.86 MB used.
      Class:      5.85 MB used.
       Both:     46.72 MB used.

Virtual space:
  Non-class space:       64.00 MB reserved,      41.12 MB ( 64%) committed,  1 nodes.
      Class space:        1.00 GB reserved,       6.06 MB ( <1%) committed,  1 nodes.
             Both:        1.06 GB reserved,      47.19 MB (  4%) committed. 

Chunk freelists:
   Non-Class:  6.48 MB
       Class:  9.81 MB
        Both:  16.30 MB

MaxMetaspaceSize: unlimited
CompressedClassSpaceSize: 1.00 GB
Initial GC threshold: 21.00 MB
Current GC threshold: 47.31 MB
CDS: off
MetaspaceReclaimPolicy: balanced
 - commit_granule_bytes: 65536.
 - commit_granule_words: 8192.
 - virtual_space_node_default_size: 8388608.
 - enlarge_chunks_in_place: 1.
 - new_chunks_are_fully_committed: 0.
 - uncommit_free_chunks: 1.
 - use_allocation_guard: 0.
 - handle_deallocations: 1.


Internal statistics:

num_allocs_failed_limit: 13.
num_arena_births: 582.
num_arena_deaths: 0.
num_vsnodes_births: 2.
num_vsnodes_deaths: 0.
num_space_committed: 755.
num_space_uncommitted: 0.
num_chunks_returned_to_freelist: 13.
num_chunks_taken_from_freelist: 2056.
num_chunk_merges: 13.
num_chunk_splits: 1444.
num_chunks_enlarged: 1095.
num_inconsistent_stats: 0.

CodeCache: size=49152Kb used=9910Kb max_used=9910Kb free=39241Kb
 bounds [0x000001d8bc240000, 0x000001d8bcbf0000, 0x000001d8bf240000]
 total_blobs=5165 nmethods=4567 adapters=521
 compilation: enabled
              stopped_count=0, restarted_count=0
 full_count=0

Compilation events (20 events):
Event: 10.395 Thread 0x000001d8c4699710 nmethod 4558 0x000001d8bcbe8b10 code [0x000001d8bcbe8cc0, 0x000001d8bcbe8e38]
Event: 10.395 Thread 0x000001d8c44a4d40 nmethod 4553 0x000001d8bcbe8f10 code [0x000001d8bcbe9140, 0x000001d8bcbe9678]
Event: 10.399 Thread 0x000001d8c44a4d40 4559       1       sun.net.util.URLUtil::urlNoFragString (114 bytes)
Event: 10.399 Thread 0x000001d8c4699710 4560       1       java.net.URL::getDefaultPort (8 bytes)
Event: 10.399 Thread 0x000001d8c4699710 nmethod 4560 0x000001d8bcbe9990 code [0x000001d8bcbe9b20, 0x000001d8bcbe9c08]
Event: 10.400 Thread 0x000001d8c44a4d40 nmethod 4559 0x000001d8bcbe9c90 code [0x000001d8bcbe9ee0, 0x000001d8bcbea418]
Event: 10.400 Thread 0x000001d8c44a4d40 4561       1       java.util.stream.FindOps$FindSink::cancellationRequested (5 bytes)
Event: 10.400 Thread 0x000001d8c44a4d40 nmethod 4561 0x000001d8bcbea790 code [0x000001d8bcbea920, 0x000001d8bcbea9f8]
Event: 10.401 Thread 0x000001d8c4699710 4562       1       java.net.URI$Parser::scan (53 bytes)
Event: 10.402 Thread 0x000001d8c4699710 nmethod 4562 0x000001d8bcbeaa90 code [0x000001d8bcbeac80, 0x000001d8bcbeb058]
Event: 10.403 Thread 0x000001d8c44a4d40 4563       1       org.eclipse.lsp4j.jsonrpc.messages.Message::getJsonrpc (5 bytes)
Event: 10.403 Thread 0x000001d8c44a4d40 nmethod 4563 0x000001d8bcbeb390 code [0x000001d8bcbeb520, 0x000001d8bcbeb5f8]
Event: 10.425 Thread 0x000001d8c46b6660 4564       1       java.util.ArrayList$Itr::next (66 bytes)
Event: 10.425 Thread 0x000001d8c46b6660 nmethod 4564 0x000001d8bcbebc90 code [0x000001d8bcbebe60, 0x000001d8bcbec148]
Event: 10.427 Thread 0x000001d8c46b6660 4565       1       java.util.concurrent.atomic.AtomicReference::get (5 bytes)
Event: 10.427 Thread 0x000001d8c46b6660 nmethod 4565 0x000001d8bcbec310 code [0x000001d8bcbec4a0, 0x000001d8bcbec578]
Event: 10.427 Thread 0x000001d8c4699710 4566       1       com.fasterxml.jackson.databind.JavaType::getRawClass (5 bytes)
Event: 10.427 Thread 0x000001d8c4699710 nmethod 4566 0x000001d8bcbec610 code [0x000001d8bcbec7a0, 0x000001d8bcbec878]
Event: 10.454 Thread 0x000001d8c4699710 4567       1       java.io.DataInputStream::readChar (6 bytes)
Event: 10.454 Thread 0x000001d8c4699710 nmethod 4567 0x000001d8bcbed810 code [0x000001d8bcbed9a0, 0x000001d8bcbeda88]

GC Heap History (20 events):
Event: 2.219 GC heap before
{Heap before GC invocations=0 (full 0):
 garbage-first heap   total 258048K, used 28672K [0x00000000c0000000, 0x0000000100000000)
  region size 1024K, 23 young (23552K), 0 survivors (0K)
 Metaspace       used 8235K, committed 8384K, reserved 1114112K
  class space    used 921K, committed 1024K, reserved 1048576K
}
Event: 2.228 GC heap after
{Heap after GC invocations=1 (full 0):
 garbage-first heap   total 258048K, used 15849K [0x00000000c0000000, 0x0000000100000000)
  region size 1024K, 3 young (3072K), 3 survivors (3072K)
 Metaspace       used 8235K, committed 8384K, reserved 1114112K
  class space    used 921K, committed 1024K, reserved 1048576K
}
Event: 3.141 GC heap before
{Heap before GC invocations=1 (full 0):
 garbage-first heap   total 258048K, used 40425K [0x00000000c0000000, 0x0000000100000000)
  region size 1024K, 27 young (27648K), 3 survivors (3072K)
 Metaspace       used 14289K, committed 14464K, reserved 1114112K
  class space    used 1782K, committed 1856K, reserved 1048576K
}
Event: 3.146 GC heap after
{Heap after GC invocations=2 (full 0):
 garbage-first heap   total 258048K, used 17701K [0x00000000c0000000, 0x0000000100000000)
  region size 1024K, 2 young (2048K), 2 survivors (2048K)
 Metaspace       used 14289K, committed 14464K, reserved 1114112K
  class space    used 1782K, committed 1856K, reserved 1048576K
}
Event: 4.263 GC heap before
{Heap before GC invocations=2 (full 0):
 garbage-first heap   total 258048K, used 47397K [0x00000000c0000000, 0x0000000100000000)
  region size 1024K, 32 young (32768K), 2 survivors (2048K)
 Metaspace       used 21228K, committed 21504K, reserved 1114112K
  class space    used 2599K, committed 2752K, reserved 1048576K
}
Event: 4.268 GC heap after
{Heap after GC invocations=3 (full 0):
 garbage-first heap   total 258048K, used 20532K [0x00000000c0000000, 0x0000000100000000)
  region size 1024K, 5 young (5120K), 5 survivors (5120K)
 Metaspace       used 21228K, committed 21504K, reserved 1114112K
  class space    used 2599K, committed 2752K, reserved 1048576K
}
Event: 5.939 GC heap before
{Heap before GC invocations=4 (full 0):
 garbage-first heap   total 81920K, used 63540K [0x00000000c0000000, 0x0000000100000000)
  region size 1024K, 48 young (49152K), 5 survivors (5120K)
 Metaspace       used 28617K, committed 28864K, reserved 1114112K
  class space    used 3575K, committed 3648K, reserved 1048576K
}
Event: 5.949 GC heap after
{Heap after GC invocations=5 (full 0):
 garbage-first heap   total 81920K, used 23868K [0x00000000c0000000, 0x0000000100000000)
  region size 1024K, 6 young (6144K), 6 survivors (6144K)
 Metaspace       used 28617K, committed 28864K, reserved 1114112K
  class space    used 3575K, committed 3648K, reserved 1048576K
}
Event: 7.204 GC heap before
{Heap before GC invocations=6 (full 0):
 garbage-first heap   total 81920K, used 53564K [0x00000000c0000000, 0x0000000100000000)
  region size 1024K, 36 young (36864K), 6 survivors (6144K)
 Metaspace       used 32977K, committed 33344K, reserved 1114112K
  class space    used 4221K, committed 4416K, reserved 1048576K
}
Event: 7.217 GC heap after
{Heap after GC invocations=7 (full 0):
 garbage-first heap   total 81920K, used 27618K [0x00000000c0000000, 0x0000000100000000)
  region size 1024K, 4 young (4096K), 4 survivors (4096K)
 Metaspace       used 32977K, committed 33344K, reserved 1114112K
  class space    used 4221K, committed 4416K, reserved 1048576K
}
Event: 8.560 GC heap before
{Heap before GC invocations=7 (full 0):
 garbage-first heap   total 81920K, used 57314K [0x00000000c0000000, 0x0000000100000000)
  region size 1024K, 33 young (33792K), 4 survivors (4096K)
 Metaspace       used 38213K, committed 38656K, reserved 1114112K
  class space    used 4995K, committed 5184K, reserved 1048576K
}
Event: 8.565 GC heap after
{Heap after GC invocations=8 (full 0):
 garbage-first heap   total 81920K, used 30016K [0x00000000c0000000, 0x0000000100000000)
  region size 1024K, 3 young (3072K), 3 survivors (3072K)
 Metaspace       used 38213K, committed 38656K, reserved 1114112K
  class space    used 4995K, committed 5184K, reserved 1048576K
}
Event: 9.850 GC heap before
{Heap before GC invocations=8 (full 0):
 garbage-first heap   total 81920K, used 59712K [0x00000000c0000000, 0x0000000100000000)
  region size 1024K, 31 young (31744K), 3 survivors (3072K)
 Metaspace       used 43209K, committed 43648K, reserved 1114112K
  class space    used 5473K, committed 5696K, reserved 1048576K
}
Event: 9.857 GC heap after
{Heap after GC invocations=9 (full 0):
 garbage-first heap   total 81920K, used 32138K [0x00000000c0000000, 0x0000000100000000)
  region size 1024K, 3 young (3072K), 3 survivors (3072K)
 Metaspace       used 43209K, committed 43648K, reserved 1114112K
  class space    used 5473K, committed 5696K, reserved 1048576K
}
Event: 10.123 GC heap before
{Heap before GC invocations=9 (full 0):
 garbage-first heap   total 81920K, used 50570K [0x00000000c0000000, 0x0000000100000000)
  region size 1024K, 17 young (17408K), 3 survivors (3072K)
 Metaspace       used 44729K, committed 45248K, reserved 1114112K
  class space    used 5642K, committed 5888K, reserved 1048576K
}
Event: 10.127 GC heap after
{Heap after GC invocations=10 (full 0):
 garbage-first heap   total 81920K, used 36101K [0x00000000c0000000, 0x0000000100000000)
  region size 1024K, 3 young (3072K), 3 survivors (3072K)
 Metaspace       used 44729K, committed 45248K, reserved 1114112K
  class space    used 5642K, committed 5888K, reserved 1048576K
}
Event: 10.324 GC heap before
{Heap before GC invocations=10 (full 0):
 garbage-first heap   total 81920K, used 59653K [0x00000000c0000000, 0x0000000100000000)
  region size 1024K, 25 young (25600K), 3 survivors (3072K)
 Metaspace       used 46285K, committed 46784K, reserved 1114112K
  class space    used 5814K, committed 6016K, reserved 1048576K
}
Event: 10.329 GC heap after
{Heap after GC invocations=11 (full 0):
 garbage-first heap   total 81920K, used 36570K [0x00000000c0000000, 0x0000000100000000)
  region size 1024K, 4 young (4096K), 4 survivors (4096K)
 Metaspace       used 46285K, committed 46784K, reserved 1114112K
  class space    used 5814K, committed 6016K, reserved 1048576K
}
Event: 10.443 GC heap before
{Heap before GC invocations=11 (full 0):
 garbage-first heap   total 81920K, used 48858K [0x00000000c0000000, 0x0000000100000000)
  region size 1024K, 17 young (17408K), 4 survivors (4096K)
 Metaspace       used 47711K, committed 48128K, reserved 1114112K
  class space    used 5981K, committed 6208K, reserved 1048576K
}
Event: 10.448 GC heap after
{Heap after GC invocations=12 (full 0):
 garbage-first heap   total 98304K, used 42477K [0x00000000c0000000, 0x0000000100000000)
  region size 1024K, 4 young (4096K), 4 survivors (4096K)
 Metaspace       used 47711K, committed 48128K, reserved 1114112K
  class space    used 5981K, committed 6208K, reserved 1048576K
}

Dll operation events (9 events):
Event: 0.021 Loaded shared library c:\Users\97154\.vscode\extensions\redhat.java-1.28.1-win32-x64\jre\17.0.10-win32-x86_64\bin\java.dll
Event: 1.168 Loaded shared library C:\Users\97154\.vscode\extensions\redhat.java-1.28.1-win32-x64\jre\17.0.10-win32-x86_64\bin\net.dll
Event: 1.189 Loaded shared library C:\Users\97154\.vscode\extensions\redhat.java-1.28.1-win32-x64\jre\17.0.10-win32-x86_64\bin\nio.dll
Event: 1.202 Loaded shared library C:\Users\97154\.vscode\extensions\redhat.java-1.28.1-win32-x64\jre\17.0.10-win32-x86_64\bin\zip.dll
Event: 1.775 Loaded shared library C:\Users\97154\.vscode\extensions\redhat.java-1.28.1-win32-x64\jre\17.0.10-win32-x86_64\bin\jimage.dll
Event: 4.085 Loaded shared library c:\Users\97154\.vscode\extensions\redhat.java-1.28.1-win32-x64\jre\17.0.10-win32-x86_64\bin\verify.dll
Event: 8.018 Loaded shared library C:\Users\97154\.vscode\extensions\redhat.java-1.28.1-win32-x64\jre\17.0.10-win32-x86_64\bin\management.dll
Event: 8.022 Loaded shared library C:\Users\97154\.vscode\extensions\redhat.java-1.28.1-win32-x64\jre\17.0.10-win32-x86_64\bin\management_ext.dll
Event: 10.149 Loaded shared library C:\Users\97154\.vscode\extensions\redhat.java-1.28.1-win32-x64\jre\17.0.10-win32-x86_64\bin\sunmscapi.dll

Deoptimization events (6 events):
Event: 8.546 Thread 0x000001d8c97ae950 DEOPT PACKING pc=0x000001d8bc811c81 sp=0x00000078d24fdb80
Event: 8.546 Thread 0x000001d8c97ae950 DEOPT UNPACKING pc=0x000001d8bc29ace3 sp=0x00000078d24fd010 mode 3
Event: 8.568 Thread 0x000001d8ca490ed0 DEOPT PACKING pc=0x000001d8bc7f0617 sp=0x00000078d25ff2b0
Event: 8.568 Thread 0x000001d8ca490ed0 DEOPT UNPACKING pc=0x000001d8bc29ace3 sp=0x00000078d25fe708 mode 3
Event: 10.284 Thread 0x000001d8ca572b80 DEOPT PACKING pc=0x000001d8bc4ae50c sp=0x00000078d36fafd0
Event: 10.284 Thread 0x000001d8ca572b80 DEOPT UNPACKING pc=0x000001d8bc29ace3 sp=0x00000078d36fa498 mode 0

Classes unloaded (0 events):
No events

Classes redefined (0 events):
No events

Internal exceptions (20 events):
Event: 9.802 Thread 0x000001d8ca573fc0 Exception <a 'sun/nio/fs/WindowsException'{0x00000000c39f5218}> (0x00000000c39f5218) 
thrown [s\src\hotspot\share\prims\jni.cpp, line 516]
Event: 9.802 Thread 0x000001d8ca573fc0 Exception <a 'sun/nio/fs/WindowsException'{0x00000000c39f5f40}> (0x00000000c39f5f40) 
thrown [s\src\hotspot\share\prims\jni.cpp, line 516]
Event: 9.803 Thread 0x000001d8ca573fc0 Exception <a 'sun/nio/fs/WindowsException'{0x00000000c39f6600}> (0x00000000c39f6600) 
thrown [s\src\hotspot\share\prims\jni.cpp, line 516]
Event: 9.803 Thread 0x000001d8ca573fc0 Exception <a 'sun/nio/fs/WindowsException'{0x00000000c39f6970}> (0x00000000c39f6970) 
thrown [s\src\hotspot\share\prims\jni.cpp, line 516]
Event: 9.803 Thread 0x000001d8ca573fc0 Exception <a 'sun/nio/fs/WindowsException'{0x00000000c39f7978}> (0x00000000c39f7978) 
thrown [s\src\hotspot\share\prims\jni.cpp, line 516]
Event: 9.803 Thread 0x000001d8ca573fc0 Exception <a 'sun/nio/fs/WindowsException'{0x00000000c39f7d28}> (0x00000000c39f7d28) 
thrown [s\src\hotspot\share\prims\jni.cpp, line 516]
Event: 9.976 Thread 0x000001d8ca572b80 Exception <a 'java/lang/NoSuchMethodError'{0x00000000cd813030}: 'java.lang.Object java.lang.invoke.DirectMethodHandle$Holder.invokeStatic(java.lang.Object, java.lang.Object, int, java.lang.Object)'> (0x00000000cd813030) 
thrown [s\src\hotspot\share\interpreter\linkResolver.cpp, line 759]
Event: 9.977 Thread 0x000001d8ca572b80 Exception <a 'java/lang/NoSuchMethodError'{0x00000000cd833000}: 'java.lang.Object java.lang.invoke.DirectMethodHandle$Holder.newInvokeSpecial(java.lang.Object, java.lang.Object, int)'> (0x00000000cd833000) 
thrown [s\src\hotspot\share\interpreter\linkResolver.cpp, line 759]
Event: 10.062 Thread 0x000001d8ca4ad4d0 Exception <a 'java/lang/NoSuchMethodError'{0x00000000c47517a8}: 'java.lang.Object java.lang.invoke.Invokers$Holder.invoke_MT(java.lang.Object, java.lang.Object, java.lang.Object)'> (0x00000000c47517a8) 
thrown [s\src\hotspot\share\interpreter\linkResolver.cpp, line 759]
Event: 10.270 Thread 0x000001d8ca572b80 Exception <a 'sun/nio/fs/WindowsException'{0x00000000c3e64950}> (0x00000000c3e64950) 
thrown [s\src\hotspot\share\prims\jni.cpp, line 516]
Event: 10.338 Thread 0x000001d8ca573fc0 Exception <a 'sun/nio/fs/WindowsException'{0x00000000cfbf8a80}> (0x00000000cfbf8a80) 
thrown [s\src\hotspot\share\prims\jni.cpp, line 516]
Event: 10.338 Thread 0x000001d8ca573fc0 Exception <a 'sun/nio/fs/WindowsException'{0x00000000cfbf9100}> (0x00000000cfbf9100) 
thrown [s\src\hotspot\share\prims\jni.cpp, line 516]
Event: 10.338 Thread 0x000001d8ca573fc0 Exception <a 'sun/nio/fs/WindowsException'{0x00000000cfbf9450}> (0x00000000cfbf9450) 
thrown [s\src\hotspot\share\prims\jni.cpp, line 516]
Event: 10.338 Thread 0x000001d8ca573fc0 Exception <a 'sun/nio/fs/WindowsException'{0x00000000cfaaedc0}> (0x00000000cfaaedc0) 
thrown [s\src\hotspot\share\prims\jni.cpp, line 516]
Event: 10.338 Thread 0x000001d8ca573fc0 Exception <a 'sun/nio/fs/WindowsException'{0x00000000cfaaf150}> (0x00000000cfaaf150) 
thrown [s\src\hotspot\share\prims\jni.cpp, line 516]
Event: 10.338 Thread 0x000001d8ca573fc0 Exception <a 'sun/nio/fs/WindowsException'{0x00000000cfaafe78}> (0x00000000cfaafe78) 
thrown [s\src\hotspot\share\prims\jni.cpp, line 516]
Event: 10.338 Thread 0x000001d8ca573fc0 Exception <a 'sun/nio/fs/WindowsException'{0x00000000cfab0538}> (0x00000000cfab0538) 
thrown [s\src\hotspot\share\prims\jni.cpp, line 516]
Event: 10.338 Thread 0x000001d8ca573fc0 Exception <a 'sun/nio/fs/WindowsException'{0x00000000cfab08a8}> (0x00000000cfab08a8) 
thrown [s\src\hotspot\share\prims\jni.cpp, line 516]
Event: 10.339 Thread 0x000001d8ca573fc0 Exception <a 'sun/nio/fs/WindowsException'{0x00000000cfab18b0}> (0x00000000cfab18b0) 
thrown [s\src\hotspot\share\prims\jni.cpp, line 516]
Event: 10.339 Thread 0x000001d8ca573fc0 Exception <a 'sun/nio/fs/WindowsException'{0x00000000cfab1c60}> (0x00000000cfab1c60) 
thrown [s\src\hotspot\share\prims\jni.cpp, line 516]

VM Operations (20 events):
Event: 10.096 Executing VM operation: HandshakeAllThreads done
Event: 10.119 Executing VM operation: HandshakeAllThreads
Event: 10.119 Executing VM operation: HandshakeAllThreads done
Event: 10.123 Executing VM operation: G1TryInitiateConcMark
Event: 10.127 Executing VM operation: G1TryInitiateConcMark done
Event: 10.132 Executing VM operation: HandshakeAllThreads
Event: 10.132 Executing VM operation: HandshakeAllThreads done
Event: 10.275 Executing VM operation: HandshakeAllThreads
Event: 10.275 Executing VM operation: HandshakeAllThreads done
Event: 10.282 Executing VM operation: HandshakeAllThreads
Event: 10.283 Executing VM operation: HandshakeAllThreads done
Event: 10.285 Executing VM operation: HandshakeAllThreads
Event: 10.285 Executing VM operation: HandshakeAllThreads done
Event: 10.324 Executing VM operation: G1TryInitiateConcMark
Event: 10.329 Executing VM operation: G1TryInitiateConcMark done
Event: 10.410 Executing VM operation: HandshakeAllThreads
Event: 10.423 Executing VM operation: HandshakeAllThreads done
Event: 10.443 Executing VM operation: CollectForMetadataAllocation
Event: 10.450 Executing VM operation: CollectForMetadataAllocation done
Event: 10.454 Executing VM operation: CollectForMetadataAllocation

Events (20 events):
Event: 10.409 loading class java/util/ArrayList$ListItr
Event: 10.409 loading class java/util/ArrayList$ListItr done
Event: 10.424 loading class java/lang/AbstractMethodError
Event: 10.424 loading class java/lang/AbstractMethodError done
Event: 10.435 loading class sun/net/www/protocol/https/Handler
Event: 10.435 loading class sun/net/www/protocol/https/Handler done
Event: 10.452 loading class java/net/IDN
Event: 10.453 loading class java/net/IDN done
Event: 10.453 loading class jdk/internal/icu/text/StringPrep
Event: 10.453 loading class jdk/internal/icu/text/StringPrep done
Event: 10.453 loading class jdk/internal/icu/impl/StringPrepDataReader
Event: 10.454 loading class jdk/internal/icu/impl/StringPrepDataReader done
Event: 10.454 loading class jdk/internal/icu/text/StringPrep$StringPrepTrieImpl
Event: 10.454 loading class jdk/internal/icu/impl/Trie$DataManipulate
Event: 10.454 loading class jdk/internal/icu/impl/Trie$DataManipulate done
Event: 10.454 loading class jdk/internal/icu/text/StringPrep$StringPrepTrieImpl done
Event: 10.454 loading class jdk/internal/icu/impl/CharTrie
Event: 10.454 loading class jdk/internal/icu/impl/Trie
Event: 10.454 loading class jdk/internal/icu/impl/Trie done
Event: 10.454 loading class jdk/internal/icu/impl/CharTrie done


Dynamic libraries:
0x00007ff6a0f20000 - 0x00007ff6a0f2e000 	c:\Users\97154\.vscode\extensions\redhat.java-1.28.1-win32-x64\jre\17.0.10-win32-x86_64\bin\java.exe
0x00007ffa29830000 - 0x00007ffa29a47000 	C:\WINDOWS\SYSTEM32\ntdll.dll
0x00007ff9ee560000 - 0x00007ff9ee579000 	C:\Program Files\AVG\Antivirus\aswhook.dll
0x00007ffa283a0000 - 0x00007ffa28464000 	C:\WINDOWS\System32\KERNEL32.DLL
0x00007ffa26ec0000 - 0x00007ffa27266000 	C:\WINDOWS\System32\KERNELBASE.dll
0x00007ffa23cb0000 - 0x00007ffa23d47000 	C:\WINDOWS\SYSTEM32\apphelp.dll
0x00007ffa27430000 - 0x00007ffa27541000 	C:\WINDOWS\System32\ucrtbase.dll
0x00007ffa0fa50000 - 0x00007ffa0fa67000 	c:\Users\97154\.vscode\extensions\redhat.java-1.28.1-win32-x64\jre\17.0.10-win32-x86_64\bin\jli.dll
0x00007ffa28610000 - 0x00007ffa287be000 	C:\WINDOWS\System32\USER32.dll
0x00007ffa27400000 - 0x00007ffa27426000 	C:\WINDOWS\System32\win32u.dll
0x00007ffa29100000 - 0x00007ffa29129000 	C:\WINDOWS\System32\GDI32.dll
0x00007ffa27270000 - 0x00007ffa27388000 	C:\WINDOWS\System32\gdi32full.dll
0x00007ffa26b70000 - 0x00007ffa26c0a000 	C:\WINDOWS\System32\msvcp_win.dll
0x00007ffa0fa30000 - 0x00007ffa0fa4b000 	c:\Users\97154\.vscode\extensions\redhat.java-1.28.1-win32-x64\jre\17.0.10-win32-x86_64\bin\VCRUNTIME140.dll
0x00007ffa12390000 - 0x00007ffa12623000 	C:\WINDOWS\WinSxS\amd64_microsoft.windows.common-controls_6595b64144ccf1df_6.0.22621.2506_none_270c5ae97388e100\COMCTL32.dll
0x00007ffa280d0000 - 0x00007ffa28177000 	C:\WINDOWS\System32\msvcrt.dll
0x00007ffa29670000 - 0x00007ffa296a1000 	C:\WINDOWS\System32\IMM32.DLL
0x00007ffa0fa20000 - 0x00007ffa0fa2c000 	c:\Users\97154\.vscode\extensions\redhat.java-1.28.1-win32-x64\jre\17.0.10-win32-x86_64\bin\vcruntime140_1.dll
0x00007ffa0f950000 - 0x00007ffa0f9dd000 	c:\Users\97154\.vscode\extensions\redhat.java-1.28.1-win32-x64\jre\17.0.10-win32-x86_64\bin\msvcp140.dll
0x00007ff988e50000 - 0x00007ff989ab2000 	c:\Users\97154\.vscode\extensions\redhat.java-1.28.1-win32-x64\jre\17.0.10-win32-x86_64\bin\server\jvm.dll
0x00007ffa295b0000 - 0x00007ffa29663000 	C:\WINDOWS\System32\ADVAPI32.dll
0x00007ffa29730000 - 0x00007ffa297d8000 	C:\WINDOWS\System32\sechost.dll
0x00007ffa27550000 - 0x00007ffa27578000 	C:\WINDOWS\System32\bcrypt.dll
0x00007ffa28be0000 - 0x00007ffa28cf7000 	C:\WINDOWS\System32\RPCRT4.dll
0x00007ffa26a40000 - 0x00007ffa26a8d000 	C:\WINDOWS\SYSTEM32\POWRPROF.dll
0x00007ffa08140000 - 0x00007ffa08149000 	C:\WINDOWS\SYSTEM32\WSOCK32.dll
0x00007ffa28050000 - 0x00007ffa280c1000 	C:\WINDOWS\System32\WS2_32.dll
0x00007ffa1c730000 - 0x00007ffa1c764000 	C:\WINDOWS\SYSTEM32\WINMM.dll
0x00007ffa1dc90000 - 0x00007ffa1dc9a000 	C:\WINDOWS\SYSTEM32\VERSION.dll
0x00007ffa26a20000 - 0x00007ffa26a33000 	C:\WINDOWS\SYSTEM32\UMPDC.dll
0x00007ffa25bb0000 - 0x00007ffa25bc8000 	C:\WINDOWS\SYSTEM32\kernel.appcore.dll
0x00007ffa0fa10000 - 0x00007ffa0fa1a000 	c:\Users\97154\.vscode\extensions\redhat.java-1.28.1-win32-x64\jre\17.0.10-win32-x86_64\bin\jimage.dll
0x00007ffa23a70000 - 0x00007ffa23ca3000 	C:\WINDOWS\SYSTEM32\DBGHELP.DLL
0x00007ffa287c0000 - 0x00007ffa28b49000 	C:\WINDOWS\System32\combase.dll
0x00007ffa28d60000 - 0x00007ffa28e37000 	C:\WINDOWS\System32\OLEAUT32.dll
0x00007ffa15af0000 - 0x00007ffa15b22000 	C:\WINDOWS\SYSTEM32\dbgcore.DLL
0x00007ffa26c10000 - 0x00007ffa26c8a000 	C:\WINDOWS\System32\bcryptPrimitives.dll
0x00007ffa0f920000 - 0x00007ffa0f945000 	c:\Users\97154\.vscode\extensions\redhat.java-1.28.1-win32-x64\jre\17.0.10-win32-x86_64\bin\java.dll
0x00007ffa08240000 - 0x00007ffa08258000 	c:\Users\97154\.vscode\extensions\redhat.java-1.28.1-win32-x64\jre\17.0.10-win32-x86_64\bin\zip.dll
0x00007ffa27580000 - 0x00007ffa27ddb000 	C:\WINDOWS\System32\SHELL32.dll
0x00007ffa24a90000 - 0x00007ffa25386000 	C:\WINDOWS\SYSTEM32\windows.storage.dll
0x00007ffa24950000 - 0x00007ffa24a8e000 	C:\WINDOWS\SYSTEM32\wintypes.dll
0x00007ffa29000000 - 0x00007ffa290f3000 	C:\WINDOWS\System32\SHCORE.dll
0x00007ffa296b0000 - 0x00007ffa2970e000 	C:\WINDOWS\System32\shlwapi.dll
0x00007ffa26aa0000 - 0x00007ffa26ac6000 	C:\WINDOWS\SYSTEM32\profapi.dll
0x00007ffa08200000 - 0x00007ffa08219000 	C:\Users\97154\.vscode\extensions\redhat.java-1.28.1-win32-x64\jre\17.0.10-win32-x86_64\bin\net.dll
0x00007ffa1df40000 - 0x00007ffa1e077000 	C:\WINDOWS\SYSTEM32\WINHTTP.dll
0x00007ffa26030000 - 0x00007ffa26099000 	C:\WINDOWS\system32\mswsock.dll
0x00007ffa081e0000 - 0x00007ffa081f6000 	C:\Users\97154\.vscode\extensions\redhat.java-1.28.1-win32-x64\jre\17.0.10-win32-x86_64\bin\nio.dll
0x00007ffa0f910000 - 0x00007ffa0f920000 	c:\Users\97154\.vscode\extensions\redhat.java-1.28.1-win32-x64\jre\17.0.10-win32-x86_64\bin\verify.dll
0x00007ffa26280000 - 0x00007ffa2629b000 	C:\WINDOWS\SYSTEM32\CRYPTSP.dll
0x00007ffa25b10000 - 0x00007ffa25b45000 	C:\WINDOWS\system32\rsaenh.dll
0x00007ffa26120000 - 0x00007ffa2614c000 	C:\WINDOWS\SYSTEM32\USERENV.dll
0x00007ffa262a0000 - 0x00007ffa262ac000 	C:\WINDOWS\SYSTEM32\CRYPTBASE.dll
0x00007ffa25630000 - 0x00007ffa2565d000 	C:\WINDOWS\SYSTEM32\IPHLPAPI.DLL
0x00007ffa28ba0000 - 0x00007ffa28ba9000 	C:\WINDOWS\System32\NSI.dll
0x00007ffa1dca0000 - 0x00007ffa1dcb9000 	C:\WINDOWS\SYSTEM32\dhcpcsvc6.DLL
0x00007ffa1dae0000 - 0x00007ffa1daff000 	C:\WINDOWS\SYSTEM32\dhcpcsvc.DLL
0x00007ffa256b0000 - 0x00007ffa257a9000 	C:\WINDOWS\SYSTEM32\DNSAPI.dll
0x00007ffa217f0000 - 0x00007ffa217f9000 	C:\Users\97154\.vscode\extensions\redhat.java-1.28.1-win32-x64\jre\17.0.10-win32-x86_64\bin\management.dll
0x00007ffa217e0000 - 0x00007ffa217eb000 	C:\Users\97154\.vscode\extensions\redhat.java-1.28.1-win32-x64\jre\17.0.10-win32-x86_64\bin\management_ext.dll
0x00007ffa297e0000 - 0x00007ffa297e8000 	C:\WINDOWS\System32\PSAPI.DLL
0x00007ffa217a0000 - 0x00007ffa217ae000 	C:\Users\97154\.vscode\extensions\redhat.java-1.28.1-win32-x64\jre\17.0.10-win32-x86_64\bin\sunmscapi.dll
0x00007ffa26d50000 - 0x00007ffa26eb6000 	C:\WINDOWS\System32\CRYPT32.dll
0x00007ffa26420000 - 0x00007ffa2644e000 	C:\WINDOWS\SYSTEM32\ncrypt.dll
0x00007ffa263e0000 - 0x00007ffa26417000 	C:\WINDOWS\SYSTEM32\NTASN1.dll

dbghelp: loaded successfully - version: 4.0.5 - missing functions: none
symbol engine: initialized successfully - sym options: 0x614 - pdb path: .;c:\Users\97154\.vscode\extensions\redhat.java-1.28.1-win32-x64\jre\17.0.10-win32-x86_64\bin;C:\WINDOWS\SYSTEM32;C:\Program Files\AVG\Antivirus;C:\WINDOWS\WinSxS\amd64_microsoft.windows.common-controls_6595b64144ccf1df_6.0.22621.2506_none_270c5ae97388e100;c:\Users\97154\.vscode\extensions\redhat.java-1.28.1-win32-x64\jre\17.0.10-win32-x86_64\bin\server

VM Arguments:
jvm_args: -XX:+HeapDumpOnOutOfMemoryError -Xmx1024m -Dsts.lsp.client=vscode -Dsts.log.file=/dev/null -XX:TieredStopAtLevel=1 -Xlog:jni+resolve=off -Dspring.config.location=file:c:\Users\97154\.vscode\extensions\vmware.vscode-spring-boot-1.52.0\language-server\BOOT-INF\classes\application.properties 
java_command: org.springframework.ide.vscode.boot.app.BootLanguageServerBootApp
java_class_path (initial): c:\Users\97154\.vscode\extensions\vmware.vscode-spring-boot-1.52.0\language-server\BOOT-INF\classes;c:\Users\97154\.vscode\extensions\vmware.vscode-spring-boot-1.52.0\language-server\BOOT-INF\lib\annotations-24.1.0.jar;c:\Users\97154\.vscode\extensions\vmware.vscode-spring-boot-1.52.0\language-server\BOOT-INF\lib\antlr4-runtime-4.11.1.jar;c:\Users\97154\.vscode\extensions\vmware.vscode-spring-boot-1.52.0\language-server\BOOT-INF\lib\asm-9.6.jar;c:\Users\97154\.vscode\extensions\vmware.vscode-spring-boot-1.52.0\language-server\BOOT-INF\lib\asm-analysis-9.6.jar;c:\Users\97154\.vscode\extensions\vmware.vscode-spring-boot-1.52.0\language-server\BOOT-INF\lib\asm-tree-9.6.jar;c:\Users\97154\.vscode\extensions\vmware.vscode-spring-boot-1.52.0\language-server\BOOT-INF\lib\asm-util-9.6.jar;c:\Users\97154\.vscode\extensions\vmware.vscode-spring-boot-1.52.0\language-server\BOOT-INF\lib\caffeine-3.1.8.jar;c:\Users\97154\.vscode\extensions\vmware.vscode-spring-boot-1.52.0\language-server\BOOT-INF\lib\checker-qual-3.12.0.jar;c:\Users\97154\.vscode\extensions\vmware.vscode-spring-boot-1.52.0\language-server\BOOT-INF\lib\classgraph-4.8.149.jar;c:\Users\97154\.vscode\extensions\vmware.vscode-spring-boot-1.52.0\language-server\BOOT-INF\lib\commons-codec-1.16.0.jar;c:\Users\97154\.vscode\extensions\vmware.vscode-spring-boot-1.52.0\language-server\BOOT-INF\lib\commons-compress-1.25.0.jar;c:\Users\97154\.vscode\extensions\vmware.vscode-spring-boot-1.52.0\language-server\BOOT-INF\lib\commons-io-2.4.jar;c:\Users\97154\.vscode\extensions\vmware.vscode-spring-boot-1.52.0\language-server\BOOT-INF\lib\commons-java-1.52.0-SNAPSHOT.jar;c:\Users\97154\.vscode\extensions\vmware.vscode-spring-boot-1.52.0\language-server\BOOT-INF\lib\commons-lang3-3.13.0.jar;c:\Users\97154\.vscode\extensions\vmware.vscode-spring-boot-1.52.0\language-server\BOOT-INF\lib\commons-language-server-1.52.0-SNAPSHOT.jar;c:\Users\97154\.vscode\extensions\vmware.vscode-spring-boot-1.52.0\language
Launcher Type: SUN_STANDARD

[Global flags]
     intx CICompilerCount                          = 4                                         {product} {ergonomic}
     uint ConcGCThreads                            = 2                                         {product} {ergonomic}
     uint G1ConcRefinementThreads                  = 8                                         {product} {ergonomic}
   size_t G1HeapRegionSize                         = 1048576                                   {product} {ergonomic}
    uintx GCDrainStackTargetSize                   = 64                                        {product} {ergonomic}
     bool HeapDumpOnOutOfMemoryError               = true                                   {manageable} {command line}
   size_t InitialHeapSize                          = 264241152                                 {product} {ergonomic}
   size_t MarkStackSize                            = 4194304                                   {product} {ergonomic}
   size_t MaxHeapSize                              = 1073741824                                {product} {command line}
   size_t MaxNewSize                               = 643825664                                 {product} {ergonomic}
   size_t MinHeapDeltaBytes                        = 1048576                                   {product} {ergonomic}
   size_t MinHeapSize                              = 8388608                                   {product} {ergonomic}
    uintx NonProfiledCodeHeapSize                  = 0                                      {pd product} {ergonomic}
     bool ProfileInterpreter                       = false                                  {pd product} {command line}
    uintx ProfiledCodeHeapSize                     = 0                                      {pd product} {ergonomic}
   size_t SoftMaxHeapSize                          = 1073741824                             {manageable} {ergonomic}
     intx TieredStopAtLevel                        = 1                                         {product} {command line}
     bool UseCompressedClassPointers               = true                           {product lp64_product} {ergonomic}
     bool UseCompressedOops                        = true                           {product lp64_product} {ergonomic}
     bool UseG1GC                                  = true                                      {product} {ergonomic}
     bool UseLargePagesIndividualAllocation        = false                                  {pd product} {ergonomic}

Logging:
Log output configuration:
 #0: stdout all=warning,jni+resolve=off uptime,level,tags
 #1: stderr all=off uptime,level,tags

Environment Variables:
JAVA_HOME=C:\Program Files\Java\jdk-21
PATH=C:\Program Files (x86)\Common Files\Oracle\Java\javapath;C:\WINDOWS\system32;C:\WINDOWS;C:\WINDOWS\System32\Wbem;C:\WINDOWS\System32\WindowsPowerShell\v1.0\;C:\WINDOWS\System32\OpenSSH\;C:\Program Files\Java\jdk-19\bin;C:\Program Files (x86)\IVI Foundation\VISA\WinNT\Bin\;C:\Program Files\IVI Foundation\VISA\Win64\Bin\;C:\Program Files (x86)\IVI Foundation\IVI\bin;C:\Program Files\IVI Foundation\IVI\bin;C:\Program Files (x86)\IVI Foundation\VISA\WinNT\Bin;C:\msys64\mingw64\bin;C:\msys64\clang64\clang+llvm-15.0.7-arm64-apple-darwin22.0\bin;C:\msys64\mingw64\bin;C:\msys64\mingw64\x86_64-w64-mingw32\bin;C:\msys64\mingw64\bin;C:\msys64\mingw64\x86_64-w64-mingw32\bin;C:\msys64\mingw64\bin;\msys64\mingw64\bin;C:\Program Files (x86)\Microsoft SQL Server\160\Tools\Binn\;C:\Program Files\Microsoft SQL Server\160\Tools\Binn\;C:\Program Files\Microsoft SQL Server\Client SDK\ODBC\170\Tools\Binn\;C:\Program Files\Microsoft SQL Server\160\DTS\Binn\;C:\Program Files\Microsoft SQL Server\150\Tools\Binn\;C:\Users\97154\Downloads\dartsdk-windows-x64-release\dart-sdk;C:\Users\97154\Downloads\flutter_windows_3.10.6-stable\flutter\bin;C:\Program Files\Git\cmd;C:\Program Files\Java\jdk-20;C:\Program Files\Java\jre-1.8\bin;C:\Program Files\Java\jdk-21\bin;C:\Windows\System32\Wbem;C:\src\dart-sdk\bin;C:\src\flutter\bin;C:\src\dart-sdk;C:\Users\97154\AppData\Local\Microsoft\WindowsApps;C:\msys64\mingw64\bin;C:\msys64\mingw64\bin;C:\msys64\mingw64\bin;C:\Program Files\Azure Data Studio\bin;C:\Users\97154\AppData\Local\Programs\Microsoft VS Code\bin;C:\Program Files\JetBrains\IntelliJ IDEA 2023.3.3\bin;;C:\Program Files\JetBrains\IntelliJ IDEA Community Edition 2023.2.3\bin;;C:\src\dart-sdk\bin;C:\src\flutter\bin;
USERNAME=97154
OS=Windows_NT
PROCESSOR_IDENTIFIER=Intel64 Family 6 Model 140 Stepping 1, GenuineIntel
TMP=C:\Users\97154\AppData\Local\Temp
TEMP=C:\Users\97154\AppData\Local\Temp



Periodic native trim disabled


---------------  S Y S T E M  ---------------

OS:
 Windows 11 , 64 bit Build 22621 (10.0.22621.3085)
OS uptime: 0 days 0:46 hours
Hyper-V role detected

CPU: total 8 (initial active 8) (4 cores per cpu, 2 threads per core) family 6 model 140 stepping 1 microcode 0xb4, cx8, cmov, fxsr, ht, mmx, 3dnowpref, sse, sse2, sse3, ssse3, sse4.1, sse4.2, popcnt, lzcnt, tsc, tscinvbit, avx, avx2, aes, erms, clmul, bmi1, bmi2, adx, avx512f, avx512dq, avx512cd, avx512bw, avx512vl, sha, fma, vzeroupper, avx512_vpopcntdq, avx512_vpclmulqdq, avx512_vaes, avx512_vnni, clflush, clflushopt, clwb, avx512_vbmi2, avx512_vbmi, hv
Processor Information for processor 0
  Max Mhz: 2419, Current Mhz: 2419, Mhz Limit: 2419
Processor Information for processor 1
  Max Mhz: 2419, Current Mhz: 2419, Mhz Limit: 2419
Processor Information for processor 2
  Max Mhz: 2419, Current Mhz: 2419, Mhz Limit: 2419
Processor Information for processor 3
  Max Mhz: 2419, Current Mhz: 1209, Mhz Limit: 2419
Processor Information for processor 4
  Max Mhz: 2419, Current Mhz: 2419, Mhz Limit: 2419
Processor Information for processor 5
  Max Mhz: 2419, Current Mhz: 2419, Mhz Limit: 2419
Processor Information for processor 6
  Max Mhz: 2419, Current Mhz: 2419, Mhz Limit: 2419
Processor Information for processor 7
  Max Mhz: 2419, Current Mhz: 2419, Mhz Limit: 2419

Memory: 4k page, system-wide physical 16118M (5431M free)
TotalPageFile size 32502M (AvailPageFile size 18189M)
current process WorkingSet (physical memory assigned to process): 193M, peak: 193M
current process commit charge ("private bytes"): 247M, peak: 364M

vm_info: OpenJDK 64-Bit Server VM (17.0.10+7) for windows-amd64 JRE (17.0.10+7), built on Jan 16 2024 23:25:11 by "admin" with MS VC++ 16.10 / 16.11 (VS2019)

END.
